<?xml version="1.0" encoding="UTF-8"?>
<!-- Generated by org.testng.reporters.JUnitXMLReporter -->
<testsuite hostname="optimlaptop16" name="Test" tests="19" failures="0" timestamp="9 Mar 2017 07:02:46 GMT" time="234.354" errors="0">
  <testcase name="openwebsite" time="47.775" classname="Functionlity.Login"/>
  <testcase name="CounselorLogincase1" time="7.027" classname="Functionlity.Login"/>
  <testcase name="CounselorLogincase2" time="0.658" classname="Functionlity.Login"/>
  <testcase name="CounselorLogincase3" time="10.851" classname="Functionlity.Login"/>
  <testcase name="UserLogincase1" time="6.059" classname="Functionlity.Login"/>
  <testcase name="UserLogincase2" time="0.509" classname="Functionlity.Login"/>
  <testcase name="UserLogincase3" time="16.854" classname="Functionlity.Login"/>
  <testcase name="openprofile" time="7.891" classname="Functionlity.ProfilePage"/>
  <testcase name="CounselorLogincase1" time="5.141" classname="Functionlity.ProfilePage"/>
  <testcase name="updateprofile1" time="17.036" classname="Functionlity.ProfilePage"/>
  <testcase name="openprofile" time="7.498" classname="Functionlity.EducationalDetails"/>
  <testcase name="CounselorLogincase1" time="16.309" classname="Functionlity.EducationalDetails"/>
  <testcase name="AddNewEducation" time="23.916" classname="Functionlity.EducationalDetails"/>
  <testcase name="BackbuttonAddNewEducation" time="17.158" classname="Functionlity.EducationalDetails"/>
  <testcase name="openprofile" time="7.482" classname="Functionlity.Experience"/>
  <testcase name="CounselorLogincase1" time="17.831" classname="Functionlity.Experience"/>
  <testcase name="page_open_Experience_AddExperience" time="10.247" classname="Functionlity.Experience"/>
  <testcase name="backbutton" time="10.156" classname="Functionlity.Experience"/>
  <testcase name="AddExperience" time="3.871" classname="Functionlity.Experience"/>
</testsuite> <!-- Test -->
