<?xml version="1.0" encoding="UTF-8"?>
<testng-results skipped="0" failed="0" total="4" passed="4">
  <reporter-output>
  </reporter-output>
  <suite name="Default suite" duration-ms="94672" started-at="2017-03-13T09:51:23Z" finished-at="2017-03-13T09:52:57Z">
    <groups>
    </groups>
    <test name="Default test" duration-ms="94672" started-at="2017-03-13T09:51:23Z" finished-at="2017-03-13T09:52:57Z">
      <class name="CoreFunctionlity.InvitationSend_User">
        <test-method status="PASS" signature="openprofile()[pri:0, instance:CoreFunctionlity.InvitationSend_User@3aa81019]" name="openprofile" duration-ms="61217" started-at="2017-03-13T15:21:23Z" finished-at="2017-03-13T15:22:24Z">
          <reporter-output>
          </reporter-output>
        </test-method> <!-- openprofile -->
        <test-method status="PASS" signature="CounselorLogincase1()[pri:1, instance:CoreFunctionlity.InvitationSend_User@3aa81019]" name="CounselorLogincase1" duration-ms="14441" started-at="2017-03-13T15:22:24Z" finished-at="2017-03-13T15:22:38Z">
          <reporter-output>
          </reporter-output>
        </test-method> <!-- CounselorLogincase1 -->
        <test-method status="PASS" signature="openViewcounselor()[pri:2, instance:CoreFunctionlity.InvitationSend_User@3aa81019]" name="openViewcounselor" duration-ms="13393" started-at="2017-03-13T15:22:38Z" finished-at="2017-03-13T15:22:52Z">
          <reporter-output>
          </reporter-output>
        </test-method> <!-- openViewcounselor -->
        <test-method status="PASS" signature="send_Invitation()[pri:3, instance:CoreFunctionlity.InvitationSend_User@3aa81019]" name="send_Invitation" duration-ms="5520" started-at="2017-03-13T15:22:52Z" finished-at="2017-03-13T15:22:57Z">
          <reporter-output>
          </reporter-output>
        </test-method> <!-- send_Invitation -->
      </class> <!-- CoreFunctionlity.InvitationSend_User -->
    </test> <!-- Default test -->
  </suite> <!-- Default suite -->
</testng-results>
