<?xml version="1.0" encoding="UTF-8"?>
<!-- Generated by org.testng.reporters.JUnitXMLReporter -->
<testsuite hostname="optimlaptop16" name="Default test" tests="4" failures="0" timestamp="13 Mar 2017 09:52:58 GMT" time="94.672" errors="0">
  <testcase name="openprofile" time="61.217" classname="CoreFunctionlity.InvitationSend_User"/>
  <testcase name="CounselorLogincase1" time="14.441" classname="CoreFunctionlity.InvitationSend_User"/>
  <testcase name="openViewcounselor" time="13.393" classname="CoreFunctionlity.InvitationSend_User"/>
  <testcase name="send_Invitation" time="5.52" classname="CoreFunctionlity.InvitationSend_User"/>
</testsuite> <!-- Default test -->
